2017-06-23 18:16:48.5500|3|Microsoft.AspNetCore.Hosting.Internal.WebHost|DEBUG|Hosting starting 
2017-06-23 18:16:49.0666|4|Microsoft.AspNetCore.Hosting.Internal.WebHost|DEBUG|Hosting started 
2017-06-23 18:16:49.3476|1|Microsoft.AspNetCore.Server.Kestrel|DEBUG|Connection id "0HL5Q9BFBM0PN" started. 
2017-06-23 18:16:49.3777|6|Microsoft.AspNetCore.Server.Kestrel|DEBUG|Connection id "0HL5Q9BFBM0PN" received FIN. 
2017-06-23 18:16:49.4106|10|Microsoft.AspNetCore.Server.Kestrel|DEBUG|Connection id "0HL5Q9BFBM0PN" disconnecting. 
2017-06-23 18:16:49.4247|7|Microsoft.AspNetCore.Server.Kestrel|DEBUG|Connection id "0HL5Q9BFBM0PN" sending FIN. 
2017-06-23 18:16:49.4367|8|Microsoft.AspNetCore.Server.Kestrel|DEBUG|Connection id "0HL5Q9BFBM0PN" sent FIN with status "0". 
2017-06-23 18:16:49.4647|2|Microsoft.AspNetCore.Server.Kestrel|DEBUG|Connection id "0HL5Q9BFBM0PN" stopped. 
2017-06-23 18:16:51.8796|1|Microsoft.AspNetCore.Server.Kestrel|DEBUG|Connection id "0HL5Q9BFBM0PO" started. 
2017-06-23 18:16:52.1226|1|Microsoft.AspNetCore.Hosting.Internal.WebHost|INFO|Request starting HTTP/1.1 GET http://localhost:53618/   
2017-06-23 18:16:52.7716|1|Microsoft.AspNetCore.Builder.RouterMiddleware|DEBUG|Request did not match any routes. 
2017-06-23 18:16:52.8697|9|Microsoft.AspNetCore.Server.Kestrel|DEBUG|Connection id "0HL5Q9BFBM0PO" completed keep alive response. 
2017-06-23 18:16:52.9627|2|Microsoft.AspNetCore.Hosting.Internal.WebHost|INFO|Request finished in 856.0832ms 404  
2017-06-23 18:16:53.0147|1|Microsoft.AspNetCore.Hosting.Internal.WebHost|INFO|Request starting HTTP/1.1 GET http://localhost:53618/favicon.ico   
2017-06-23 18:16:53.0217|1|Microsoft.AspNetCore.Builder.RouterMiddleware|DEBUG|Request did not match any routes. 
2017-06-23 18:16:53.0217|9|Microsoft.AspNetCore.Server.Kestrel|DEBUG|Connection id "0HL5Q9BFBM0PO" completed keep alive response. 
2017-06-23 18:16:53.0217|2|Microsoft.AspNetCore.Hosting.Internal.WebHost|INFO|Request finished in 19.989ms 404  
2017-06-23 18:16:54.9811|6|Microsoft.AspNetCore.Server.Kestrel|DEBUG|Connection id "0HL5Q9BFBM0PO" received FIN. 
2017-06-23 18:16:54.9811|10|Microsoft.AspNetCore.Server.Kestrel|DEBUG|Connection id "0HL5Q9BFBM0PO" disconnecting. 
2017-06-23 18:16:54.9941|7|Microsoft.AspNetCore.Server.Kestrel|DEBUG|Connection id "0HL5Q9BFBM0PO" sending FIN. 
2017-06-23 18:16:54.9941|8|Microsoft.AspNetCore.Server.Kestrel|DEBUG|Connection id "0HL5Q9BFBM0PO" sent FIN with status "0". 
2017-06-23 18:16:55.0071|2|Microsoft.AspNetCore.Server.Kestrel|DEBUG|Connection id "0HL5Q9BFBM0PO" stopped. 
2017-06-23 18:16:56.6726|1|Microsoft.AspNetCore.Server.Kestrel|DEBUG|Connection id "0HL5Q9BFBM0PP" started. 
2017-06-23 18:16:56.6916|1|Microsoft.AspNetCore.Server.Kestrel|DEBUG|Connection id "0HL5Q9BFBM0PQ" started. 
2017-06-23 18:16:56.6976|1|Microsoft.AspNetCore.Server.Kestrel|DEBUG|Connection id "0HL5Q9BFBM0PR" started. 
2017-06-23 18:16:56.6976|1|Microsoft.AspNetCore.Hosting.Internal.WebHost|INFO|Request starting HTTP/1.1 GET http://localhost:53618/api/values   
2017-06-23 18:16:56.7376|1|Microsoft.AspNetCore.Routing.Tree.TreeRouter|DEBUG|Request successfully matched the route with name '(null)' and template 'api/Values'. 
2017-06-23 18:16:56.8006|2|Microsoft.AspNetCore.Mvc.Internal.ActionSelector|DEBUG|Action 'BulbsShop.Controllers.ValuesController.Post (BulbsShop)' with id 'e89f37dd-f664-459b-b247-811aea357b16' did not match the constraint 'Microsoft.AspNetCore.Mvc.Internal.HttpMethodActionConstraint' 
2017-06-23 18:16:56.9667|1|Microsoft.AspNetCore.Mvc.Internal.ControllerActionInvoker|DEBUG|Executing action BulbsShop.Controllers.ValuesController.Get (BulbsShop) 
2017-06-23 18:16:57.0727|1|Microsoft.AspNetCore.Mvc.Internal.ControllerActionInvoker|INFO|Executing action method BulbsShop.Controllers.ValuesController.Get (BulbsShop) with arguments ((null)) - ModelState is Valid 
2017-06-23 18:16:57.0877|0|BulbsShop.Controllers.ValuesController|INFO|Index page says hello 
2017-06-23 18:16:57.1077|2|Microsoft.AspNetCore.Mvc.Internal.ControllerActionInvoker|DEBUG|Executed action method BulbsShop.Controllers.ValuesController.Get (BulbsShop), returned result Microsoft.AspNetCore.Mvc.ObjectResult. 
2017-06-23 18:16:57.1597|4|Microsoft.AspNetCore.Mvc.Internal.ObjectResultExecutor|DEBUG|No information found on request to perform content negotiation. 
2017-06-23 18:16:57.1737|2|Microsoft.AspNetCore.Mvc.Internal.ObjectResultExecutor|DEBUG|Selected output formatter 'Microsoft.AspNetCore.Mvc.Formatters.JsonOutputFormatter' and content type 'application/json' to write the response. 
2017-06-23 18:16:57.1777|1|Microsoft.AspNetCore.Mvc.Internal.ObjectResultExecutor|INFO|Executing ObjectResult, writing value Microsoft.AspNetCore.Mvc.ControllerContext. 
2017-06-23 18:16:57.6613|2|Microsoft.AspNetCore.Mvc.Internal.ControllerActionInvoker|INFO|Executed action BulbsShop.Controllers.ValuesController.Get (BulbsShop) in 674.14ms 
2017-06-23 18:16:57.6768|9|Microsoft.AspNetCore.Server.Kestrel|DEBUG|Connection id "0HL5Q9BFBM0PP" completed keep alive response. 
2017-06-23 18:16:57.7233|2|Microsoft.AspNetCore.Hosting.Internal.WebHost|INFO|Request finished in 1042.0353ms 200 application/json; charset=utf-8 
2017-06-23 18:17:05.0067|6|Microsoft.AspNetCore.Server.Kestrel|DEBUG|Connection id "0HL5Q9BFBM0PR" received FIN. 
2017-06-23 18:17:05.0067|6|Microsoft.AspNetCore.Server.Kestrel|DEBUG|Connection id "0HL5Q9BFBM0PQ" received FIN. 
2017-06-23 18:17:05.0387|10|Microsoft.AspNetCore.Server.Kestrel|DEBUG|Connection id "0HL5Q9BFBM0PR" disconnecting. 
2017-06-23 18:17:05.0717|10|Microsoft.AspNetCore.Server.Kestrel|DEBUG|Connection id "0HL5Q9BFBM0PQ" disconnecting. 
2017-06-23 18:17:05.0717|6|Microsoft.AspNetCore.Server.Kestrel|DEBUG|Connection id "0HL5Q9BFBM0PP" received FIN. 
2017-06-23 18:17:05.0717|7|Microsoft.AspNetCore.Server.Kestrel|DEBUG|Connection id "0HL5Q9BFBM0PR" sending FIN. 
2017-06-23 18:17:05.1137|7|Microsoft.AspNetCore.Server.Kestrel|DEBUG|Connection id "0HL5Q9BFBM0PQ" sending FIN. 
2017-06-23 18:17:05.1187|10|Microsoft.AspNetCore.Server.Kestrel|DEBUG|Connection id "0HL5Q9BFBM0PP" disconnecting. 
2017-06-23 18:17:05.1467|8|Microsoft.AspNetCore.Server.Kestrel|DEBUG|Connection id "0HL5Q9BFBM0PQ" sent FIN with status "0". 
2017-06-23 18:17:05.1467|8|Microsoft.AspNetCore.Server.Kestrel|DEBUG|Connection id "0HL5Q9BFBM0PR" sent FIN with status "0". 
2017-06-23 18:17:05.1692|2|Microsoft.AspNetCore.Server.Kestrel|DEBUG|Connection id "0HL5Q9BFBM0PQ" stopped. 
2017-06-23 18:17:05.1692|2|Microsoft.AspNetCore.Server.Kestrel|DEBUG|Connection id "0HL5Q9BFBM0PR" stopped. 
2017-06-23 18:17:05.1857|7|Microsoft.AspNetCore.Server.Kestrel|DEBUG|Connection id "0HL5Q9BFBM0PP" sending FIN. 
2017-06-23 18:17:05.1947|8|Microsoft.AspNetCore.Server.Kestrel|DEBUG|Connection id "0HL5Q9BFBM0PP" sent FIN with status "0". 
2017-06-23 18:17:05.1947|2|Microsoft.AspNetCore.Server.Kestrel|DEBUG|Connection id "0HL5Q9BFBM0PP" stopped. 
2017-06-23 18:18:07.3625|3|Microsoft.AspNetCore.Hosting.Internal.WebHost|DEBUG|Hosting starting 
2017-06-23 18:18:07.6906|4|Microsoft.AspNetCore.Hosting.Internal.WebHost|DEBUG|Hosting started 
2017-06-23 18:18:07.9636|1|Microsoft.AspNetCore.Server.Kestrel|DEBUG|Connection id "0HL5Q9C6P8H72" started. 
2017-06-23 18:18:08.0306|6|Microsoft.AspNetCore.Server.Kestrel|DEBUG|Connection id "0HL5Q9C6P8H72" received FIN. 
2017-06-23 18:18:08.0536|10|Microsoft.AspNetCore.Server.Kestrel|DEBUG|Connection id "0HL5Q9C6P8H72" disconnecting. 
2017-06-23 18:18:08.0781|7|Microsoft.AspNetCore.Server.Kestrel|DEBUG|Connection id "0HL5Q9C6P8H72" sending FIN. 
2017-06-23 18:18:08.0976|8|Microsoft.AspNetCore.Server.Kestrel|DEBUG|Connection id "0HL5Q9C6P8H72" sent FIN with status "0". 
2017-06-23 18:18:08.1076|2|Microsoft.AspNetCore.Server.Kestrel|DEBUG|Connection id "0HL5Q9C6P8H72" stopped. 
2017-06-23 18:18:10.2477|1|Microsoft.AspNetCore.Server.Kestrel|DEBUG|Connection id "0HL5Q9C6P8H73" started. 
2017-06-23 18:18:10.5522|1|Microsoft.AspNetCore.Hosting.Internal.WebHost|INFO|Request starting HTTP/1.1 GET http://localhost:53618/   
2017-06-23 18:18:11.5942|1|Microsoft.AspNetCore.Builder.RouterMiddleware|DEBUG|Request did not match any routes. 
2017-06-23 18:18:11.6807|9|Microsoft.AspNetCore.Server.Kestrel|DEBUG|Connection id "0HL5Q9C6P8H73" completed keep alive response. 
2017-06-23 18:18:11.7197|2|Microsoft.AspNetCore.Hosting.Internal.WebHost|INFO|Request finished in 1234.9006ms 404  
2017-06-23 18:18:11.7687|1|Microsoft.AspNetCore.Hosting.Internal.WebHost|INFO|Request starting HTTP/1.1 GET http://localhost:53618/favicon.ico   
2017-06-23 18:18:11.7737|1|Microsoft.AspNetCore.Builder.RouterMiddleware|DEBUG|Request did not match any routes. 
2017-06-23 18:18:11.7737|9|Microsoft.AspNetCore.Server.Kestrel|DEBUG|Connection id "0HL5Q9C6P8H73" completed keep alive response. 
2017-06-23 18:18:11.7737|2|Microsoft.AspNetCore.Hosting.Internal.WebHost|INFO|Request finished in 14.265ms 404  
2017-06-23 18:18:13.3092|6|Microsoft.AspNetCore.Server.Kestrel|DEBUG|Connection id "0HL5Q9C6P8H73" received FIN. 
2017-06-23 18:18:13.3192|10|Microsoft.AspNetCore.Server.Kestrel|DEBUG|Connection id "0HL5Q9C6P8H73" disconnecting. 
2017-06-23 18:18:13.3192|7|Microsoft.AspNetCore.Server.Kestrel|DEBUG|Connection id "0HL5Q9C6P8H73" sending FIN. 
2017-06-23 18:18:13.3192|8|Microsoft.AspNetCore.Server.Kestrel|DEBUG|Connection id "0HL5Q9C6P8H73" sent FIN with status "0". 
2017-06-23 18:18:13.3352|2|Microsoft.AspNetCore.Server.Kestrel|DEBUG|Connection id "0HL5Q9C6P8H73" stopped. 
2017-06-23 18:18:15.8892|1|Microsoft.AspNetCore.Server.Kestrel|DEBUG|Connection id "0HL5Q9C6P8H74" started. 
2017-06-23 18:18:15.9012|1|Microsoft.AspNetCore.Hosting.Internal.WebHost|INFO|Request starting HTTP/1.1 GET http://localhost:53618/api/values   
2017-06-23 18:18:15.9423|1|Microsoft.AspNetCore.Server.Kestrel|DEBUG|Connection id "0HL5Q9C6P8H75" started. 
2017-06-23 18:18:15.9743|1|Microsoft.AspNetCore.Server.Kestrel|DEBUG|Connection id "0HL5Q9C6P8H76" started. 
2017-06-23 18:18:16.0033|1|Microsoft.AspNetCore.Routing.Tree.TreeRouter|DEBUG|Request successfully matched the route with name '(null)' and template 'api/Values'. 
2017-06-23 18:18:16.0713|2|Microsoft.AspNetCore.Mvc.Internal.ActionSelector|DEBUG|Action 'BulbsShop.Controllers.ValuesController.Post (BulbsShop)' with id '6c28944b-64bd-404d-9d88-fff18ea94b3c' did not match the constraint 'Microsoft.AspNetCore.Mvc.Internal.HttpMethodActionConstraint' 
2017-06-23 18:18:16.2093|1|Microsoft.AspNetCore.Mvc.Internal.ControllerActionInvoker|DEBUG|Executing action BulbsShop.Controllers.ValuesController.Get (BulbsShop) 
2017-06-23 18:18:16.3073|1|Microsoft.AspNetCore.Mvc.Internal.ControllerActionInvoker|INFO|Executing action method BulbsShop.Controllers.ValuesController.Get (BulbsShop) with arguments ((null)) - ModelState is Valid 
2017-06-23 18:18:16.3073|0|BulbsShop.Controllers.ValuesController|INFO|Index page says hello 
2017-06-23 18:18:16.3283|2|Microsoft.AspNetCore.Mvc.Internal.ControllerActionInvoker|DEBUG|Executed action method BulbsShop.Controllers.ValuesController.Get (BulbsShop), returned result Microsoft.AspNetCore.Mvc.ObjectResult. 
2017-06-23 18:18:16.3773|4|Microsoft.AspNetCore.Mvc.Internal.ObjectResultExecutor|DEBUG|No information found on request to perform content negotiation. 
2017-06-23 18:18:16.3893|2|Microsoft.AspNetCore.Mvc.Internal.ObjectResultExecutor|DEBUG|Selected output formatter 'Microsoft.AspNetCore.Mvc.Formatters.JsonOutputFormatter' and content type 'application/json' to write the response. 
2017-06-23 18:18:16.4003|1|Microsoft.AspNetCore.Mvc.Internal.ObjectResultExecutor|INFO|Executing ObjectResult, writing value Microsoft.AspNetCore.Mvc.ControllerContext. 
2017-06-23 18:18:16.7814|2|Microsoft.AspNetCore.Mvc.Internal.ControllerActionInvoker|INFO|Executed action BulbsShop.Controllers.ValuesController.Get (BulbsShop) in 549.12ms 
2017-06-23 18:18:16.8064|9|Microsoft.AspNetCore.Server.Kestrel|DEBUG|Connection id "0HL5Q9C6P8H74" completed keep alive response. 
2017-06-23 18:18:16.8194|2|Microsoft.AspNetCore.Hosting.Internal.WebHost|INFO|Request finished in 914.8468ms 200 application/json; charset=utf-8 
2017-06-23 18:18:23.3296|6|Microsoft.AspNetCore.Server.Kestrel|DEBUG|Connection id "0HL5Q9C6P8H76" received FIN. 
2017-06-23 18:18:23.3346|6|Microsoft.AspNetCore.Server.Kestrel|DEBUG|Connection id "0HL5Q9C6P8H75" received FIN. 
2017-06-23 18:18:23.3586|10|Microsoft.AspNetCore.Server.Kestrel|DEBUG|Connection id "0HL5Q9C6P8H76" disconnecting. 
2017-06-23 18:18:23.3766|6|Microsoft.AspNetCore.Server.Kestrel|DEBUG|Connection id "0HL5Q9C6P8H74" received FIN. 
2017-06-23 18:18:23.3876|7|Microsoft.AspNetCore.Server.Kestrel|DEBUG|Connection id "0HL5Q9C6P8H76" sending FIN. 
2017-06-23 18:18:23.4296|10|Microsoft.AspNetCore.Server.Kestrel|DEBUG|Connection id "0HL5Q9C6P8H74" disconnecting. 
2017-06-23 18:18:23.4296|8|Microsoft.AspNetCore.Server.Kestrel|DEBUG|Connection id "0HL5Q9C6P8H76" sent FIN with status "0". 
2017-06-23 18:18:23.4476|7|Microsoft.AspNetCore.Server.Kestrel|DEBUG|Connection id "0HL5Q9C6P8H74" sending FIN. 
2017-06-23 18:18:23.4476|2|Microsoft.AspNetCore.Server.Kestrel|DEBUG|Connection id "0HL5Q9C6P8H76" stopped. 
2017-06-23 18:18:23.4626|8|Microsoft.AspNetCore.Server.Kestrel|DEBUG|Connection id "0HL5Q9C6P8H74" sent FIN with status "0". 
2017-06-23 18:18:23.4746|10|Microsoft.AspNetCore.Server.Kestrel|DEBUG|Connection id "0HL5Q9C6P8H75" disconnecting. 
2017-06-23 18:18:23.4746|2|Microsoft.AspNetCore.Server.Kestrel|DEBUG|Connection id "0HL5Q9C6P8H74" stopped. 
2017-06-23 18:18:23.4746|7|Microsoft.AspNetCore.Server.Kestrel|DEBUG|Connection id "0HL5Q9C6P8H75" sending FIN. 
2017-06-23 18:18:23.4976|8|Microsoft.AspNetCore.Server.Kestrel|DEBUG|Connection id "0HL5Q9C6P8H75" sent FIN with status "0". 
2017-06-23 18:18:23.5076|2|Microsoft.AspNetCore.Server.Kestrel|DEBUG|Connection id "0HL5Q9C6P8H75" stopped. 
2017-06-23 18:19:17.3140|3|Microsoft.AspNetCore.Hosting.Internal.WebHost|DEBUG|Hosting starting 
2017-06-23 18:19:17.7756|4|Microsoft.AspNetCore.Hosting.Internal.WebHost|DEBUG|Hosting started 
2017-06-23 18:19:18.0937|1|Microsoft.AspNetCore.Server.Kestrel|DEBUG|Connection id "0HL5Q9CRM4G3V" started. 
2017-06-23 18:19:18.1267|6|Microsoft.AspNetCore.Server.Kestrel|DEBUG|Connection id "0HL5Q9CRM4G3V" received FIN. 
2017-06-23 18:19:18.1657|10|Microsoft.AspNetCore.Server.Kestrel|DEBUG|Connection id "0HL5Q9CRM4G3V" disconnecting. 
2017-06-23 18:19:18.1827|7|Microsoft.AspNetCore.Server.Kestrel|DEBUG|Connection id "0HL5Q9CRM4G3V" sending FIN. 
2017-06-23 18:19:18.2037|8|Microsoft.AspNetCore.Server.Kestrel|DEBUG|Connection id "0HL5Q9CRM4G3V" sent FIN with status "0". 
2017-06-23 18:19:18.2117|2|Microsoft.AspNetCore.Server.Kestrel|DEBUG|Connection id "0HL5Q9CRM4G3V" stopped. 
2017-06-23 18:19:20.2202|1|Microsoft.AspNetCore.Server.Kestrel|DEBUG|Connection id "0HL5Q9CRM4G40" started. 
2017-06-23 18:19:20.4498|1|Microsoft.AspNetCore.Hosting.Internal.WebHost|INFO|Request starting HTTP/1.1 GET http://localhost:53618/   
2017-06-23 18:19:21.0058|1|Microsoft.AspNetCore.Builder.RouterMiddleware|DEBUG|Request did not match any routes. 
2017-06-23 18:19:21.2024|9|Microsoft.AspNetCore.Server.Kestrel|DEBUG|Connection id "0HL5Q9CRM4G40" completed keep alive response. 
2017-06-23 18:19:21.2529|2|Microsoft.AspNetCore.Hosting.Internal.WebHost|INFO|Request finished in 837.8898ms 404  
2017-06-23 18:19:21.3389|1|Microsoft.AspNetCore.Hosting.Internal.WebHost|INFO|Request starting HTTP/1.1 GET http://localhost:53618/favicon.ico   
2017-06-23 18:19:21.4049|1|Microsoft.AspNetCore.Builder.RouterMiddleware|DEBUG|Request did not match any routes. 
2017-06-23 18:19:21.4534|9|Microsoft.AspNetCore.Server.Kestrel|DEBUG|Connection id "0HL5Q9CRM4G40" completed keep alive response. 
2017-06-23 18:19:21.4794|2|Microsoft.AspNetCore.Hosting.Internal.WebHost|INFO|Request finished in 142.7922ms 404  
2017-06-23 18:19:23.5078|6|Microsoft.AspNetCore.Server.Kestrel|DEBUG|Connection id "0HL5Q9CRM4G40" received FIN. 
2017-06-23 18:19:23.5078|10|Microsoft.AspNetCore.Server.Kestrel|DEBUG|Connection id "0HL5Q9CRM4G40" disconnecting. 
2017-06-23 18:19:23.5078|7|Microsoft.AspNetCore.Server.Kestrel|DEBUG|Connection id "0HL5Q9CRM4G40" sending FIN. 
2017-06-23 18:19:23.5218|8|Microsoft.AspNetCore.Server.Kestrel|DEBUG|Connection id "0HL5Q9CRM4G40" sent FIN with status "0". 
2017-06-23 18:19:23.5218|2|Microsoft.AspNetCore.Server.Kestrel|DEBUG|Connection id "0HL5Q9CRM4G40" stopped. 
2017-06-23 18:19:23.6253|1|Microsoft.AspNetCore.Server.Kestrel|DEBUG|Connection id "0HL5Q9CRM4G41" started. 
2017-06-23 18:19:23.6253|1|Microsoft.AspNetCore.Server.Kestrel|DEBUG|Connection id "0HL5Q9CRM4G42" started. 
2017-06-23 18:19:23.6383|1|Microsoft.AspNetCore.Hosting.Internal.WebHost|INFO|Request starting HTTP/1.1 GET http://localhost:53618/api/values   
2017-06-23 18:19:23.6383|1|Microsoft.AspNetCore.Server.Kestrel|DEBUG|Connection id "0HL5Q9CRM4G43" started. 
2017-06-23 18:19:23.6663|1|Microsoft.AspNetCore.Routing.Tree.TreeRouter|DEBUG|Request successfully matched the route with name '(null)' and template 'api/Values'. 
2017-06-23 18:19:23.7108|2|Microsoft.AspNetCore.Mvc.Internal.ActionSelector|DEBUG|Action 'BulbsShop.Controllers.ValuesController.Post (BulbsShop)' with id '284ac349-3ede-410a-a05f-389e99e76142' did not match the constraint 'Microsoft.AspNetCore.Mvc.Internal.HttpMethodActionConstraint' 
2017-06-23 18:19:23.8744|1|Microsoft.AspNetCore.Mvc.Internal.ControllerActionInvoker|DEBUG|Executing action BulbsShop.Controllers.ValuesController.Get (BulbsShop) 
2017-06-23 18:19:24.0844|1|Microsoft.AspNetCore.Mvc.Internal.ControllerActionInvoker|INFO|Executing action method BulbsShop.Controllers.ValuesController.Get (BulbsShop) with arguments ((null)) - ModelState is Valid 
2017-06-23 18:19:24.1169|0|BulbsShop.Controllers.ValuesController|INFO|Index page says hello 
2017-06-23 18:19:24.1349|2|Microsoft.AspNetCore.Mvc.Internal.ControllerActionInvoker|DEBUG|Executed action method BulbsShop.Controllers.ValuesController.Get (BulbsShop), returned result Microsoft.AspNetCore.Mvc.ObjectResult. 
2017-06-23 18:19:24.1889|4|Microsoft.AspNetCore.Mvc.Internal.ObjectResultExecutor|DEBUG|No information found on request to perform content negotiation. 
2017-06-23 18:19:24.2009|2|Microsoft.AspNetCore.Mvc.Internal.ObjectResultExecutor|DEBUG|Selected output formatter 'Microsoft.AspNetCore.Mvc.Formatters.JsonOutputFormatter' and content type 'application/json' to write the response. 
2017-06-23 18:19:24.2009|1|Microsoft.AspNetCore.Mvc.Internal.ObjectResultExecutor|INFO|Executing ObjectResult, writing value Microsoft.AspNetCore.Mvc.ControllerContext. 
2017-06-23 18:19:24.5435|2|Microsoft.AspNetCore.Mvc.Internal.ControllerActionInvoker|INFO|Executed action BulbsShop.Controllers.ValuesController.Get (BulbsShop) in 652.6406ms 
2017-06-23 18:19:24.5655|9|Microsoft.AspNetCore.Server.Kestrel|DEBUG|Connection id "0HL5Q9CRM4G41" completed keep alive response. 
2017-06-23 18:19:24.5745|2|Microsoft.AspNetCore.Hosting.Internal.WebHost|INFO|Request finished in 933.096ms 200 application/json; charset=utf-8 
2017-06-23 18:19:33.5280|6|Microsoft.AspNetCore.Server.Kestrel|DEBUG|Connection id "0HL5Q9CRM4G42" received FIN. 
2017-06-23 18:19:33.5280|6|Microsoft.AspNetCore.Server.Kestrel|DEBUG|Connection id "0HL5Q9CRM4G43" received FIN. 
2017-06-23 18:19:33.5280|10|Microsoft.AspNetCore.Server.Kestrel|DEBUG|Connection id "0HL5Q9CRM4G42" disconnecting. 
2017-06-23 18:19:33.5475|6|Microsoft.AspNetCore.Server.Kestrel|DEBUG|Connection id "0HL5Q9CRM4G41" received FIN. 
2017-06-23 18:19:33.5615|10|Microsoft.AspNetCore.Server.Kestrel|DEBUG|Connection id "0HL5Q9CRM4G43" disconnecting. 
2017-06-23 18:19:33.5785|10|Microsoft.AspNetCore.Server.Kestrel|DEBUG|Connection id "0HL5Q9CRM4G41" disconnecting. 
2017-06-23 18:19:33.5885|7|Microsoft.AspNetCore.Server.Kestrel|DEBUG|Connection id "0HL5Q9CRM4G43" sending FIN. 
2017-06-23 18:19:33.5885|7|Microsoft.AspNetCore.Server.Kestrel|DEBUG|Connection id "0HL5Q9CRM4G42" sending FIN. 
2017-06-23 18:19:33.6015|7|Microsoft.AspNetCore.Server.Kestrel|DEBUG|Connection id "0HL5Q9CRM4G41" sending FIN. 
2017-06-23 18:19:33.6015|8|Microsoft.AspNetCore.Server.Kestrel|DEBUG|Connection id "0HL5Q9CRM4G42" sent FIN with status "0". 
2017-06-23 18:19:33.6155|8|Microsoft.AspNetCore.Server.Kestrel|DEBUG|Connection id "0HL5Q9CRM4G41" sent FIN with status "0". 
2017-06-23 18:19:33.6355|2|Microsoft.AspNetCore.Server.Kestrel|DEBUG|Connection id "0HL5Q9CRM4G42" stopped. 
2017-06-23 18:19:33.6355|2|Microsoft.AspNetCore.Server.Kestrel|DEBUG|Connection id "0HL5Q9CRM4G41" stopped. 
2017-06-23 18:19:33.6565|8|Microsoft.AspNetCore.Server.Kestrel|DEBUG|Connection id "0HL5Q9CRM4G43" sent FIN with status "0". 
2017-06-23 18:19:33.6645|2|Microsoft.AspNetCore.Server.Kestrel|DEBUG|Connection id "0HL5Q9CRM4G43" stopped. 
2017-06-23 18:20:27.3679|3|Microsoft.AspNetCore.Hosting.Internal.WebHost|DEBUG|Hosting starting 
2017-06-23 18:20:27.8330|1|Microsoft.AspNetCore.Server.Kestrel|DEBUG|Connection id "0HL5Q9DGF8F1Q" started. 
2017-06-23 18:20:27.8720|6|Microsoft.AspNetCore.Server.Kestrel|DEBUG|Connection id "0HL5Q9DGF8F1Q" received FIN. 
2017-06-23 18:20:27.9370|4|Microsoft.AspNetCore.Hosting.Internal.WebHost|DEBUG|Hosting started 
2017-06-23 18:20:27.9900|10|Microsoft.AspNetCore.Server.Kestrel|DEBUG|Connection id "0HL5Q9DGF8F1Q" disconnecting. 
2017-06-23 18:20:28.0220|7|Microsoft.AspNetCore.Server.Kestrel|DEBUG|Connection id "0HL5Q9DGF8F1Q" sending FIN. 
2017-06-23 18:20:28.0465|8|Microsoft.AspNetCore.Server.Kestrel|DEBUG|Connection id "0HL5Q9DGF8F1Q" sent FIN with status "0". 
2017-06-23 18:20:28.0580|2|Microsoft.AspNetCore.Server.Kestrel|DEBUG|Connection id "0HL5Q9DGF8F1Q" stopped. 
2017-06-23 18:20:29.7890|1|Microsoft.AspNetCore.Server.Kestrel|DEBUG|Connection id "0HL5Q9DGF8F1R" started. 
2017-06-23 18:20:30.1510|1|Microsoft.AspNetCore.Hosting.Internal.WebHost|INFO|Request starting HTTP/1.1 GET http://localhost:53618/   
2017-06-23 18:20:30.7816|1|Microsoft.AspNetCore.Builder.RouterMiddleware|DEBUG|Request did not match any routes. 
2017-06-23 18:20:30.9266|9|Microsoft.AspNetCore.Server.Kestrel|DEBUG|Connection id "0HL5Q9DGF8F1R" completed keep alive response. 
2017-06-23 18:20:31.1986|2|Microsoft.AspNetCore.Hosting.Internal.WebHost|INFO|Request finished in 924.979ms 404  
2017-06-23 18:20:31.3041|1|Microsoft.AspNetCore.Hosting.Internal.WebHost|INFO|Request starting HTTP/1.1 GET http://localhost:53618/favicon.ico   
2017-06-23 18:20:31.3041|1|Microsoft.AspNetCore.Builder.RouterMiddleware|DEBUG|Request did not match any routes. 
2017-06-23 18:20:31.3261|9|Microsoft.AspNetCore.Server.Kestrel|DEBUG|Connection id "0HL5Q9DGF8F1R" completed keep alive response. 
2017-06-23 18:20:31.3261|2|Microsoft.AspNetCore.Hosting.Internal.WebHost|INFO|Request finished in 29.9501ms 404  
2017-06-23 18:20:33.2179|6|Microsoft.AspNetCore.Server.Kestrel|DEBUG|Connection id "0HL5Q9DGF8F1R" received FIN. 
2017-06-23 18:20:33.2179|10|Microsoft.AspNetCore.Server.Kestrel|DEBUG|Connection id "0HL5Q9DGF8F1R" disconnecting. 
2017-06-23 18:20:33.2269|7|Microsoft.AspNetCore.Server.Kestrel|DEBUG|Connection id "0HL5Q9DGF8F1R" sending FIN. 
2017-06-23 18:20:33.2269|8|Microsoft.AspNetCore.Server.Kestrel|DEBUG|Connection id "0HL5Q9DGF8F1R" sent FIN with status "0". 
2017-06-23 18:20:33.2269|2|Microsoft.AspNetCore.Server.Kestrel|DEBUG|Connection id "0HL5Q9DGF8F1R" stopped. 
2017-06-23 18:20:33.6230|1|Microsoft.AspNetCore.Server.Kestrel|DEBUG|Connection id "0HL5Q9DGF8F1S" started. 
2017-06-23 18:20:33.6230|1|Microsoft.AspNetCore.Hosting.Internal.WebHost|INFO|Request starting HTTP/1.1 GET http://localhost:53618/api/values   
2017-06-23 18:20:33.6380|1|Microsoft.AspNetCore.Server.Kestrel|DEBUG|Connection id "0HL5Q9DGF8F1T" started. 
2017-06-23 18:20:33.6530|1|Microsoft.AspNetCore.Server.Kestrel|DEBUG|Connection id "0HL5Q9DGF8F1U" started. 
2017-06-23 18:20:33.6721|1|Microsoft.AspNetCore.Routing.Tree.TreeRouter|DEBUG|Request successfully matched the route with name '(null)' and template 'api/Values'. 
2017-06-23 18:20:33.7371|2|Microsoft.AspNetCore.Mvc.Internal.ActionSelector|DEBUG|Action 'BulbsShop.Controllers.ValuesController.Post (BulbsShop)' with id 'e3d1178e-d440-4347-88e5-073ac6a93bf9' did not match the constraint 'Microsoft.AspNetCore.Mvc.Internal.HttpMethodActionConstraint' 
2017-06-23 18:20:33.8791|1|Microsoft.AspNetCore.Mvc.Internal.ControllerActionInvoker|DEBUG|Executing action BulbsShop.Controllers.ValuesController.Get (BulbsShop) 
2017-06-23 18:20:34.0261|1|Microsoft.AspNetCore.Mvc.Internal.ControllerActionInvoker|INFO|Executing action method BulbsShop.Controllers.ValuesController.Get (BulbsShop) with arguments ((null)) - ModelState is Valid 
2017-06-23 18:20:34.0561|0|BulbsShop.Controllers.ValuesController|INFO|Index page says hello 
2017-06-23 18:20:34.0816|2|Microsoft.AspNetCore.Mvc.Internal.ControllerActionInvoker|DEBUG|Executed action method BulbsShop.Controllers.ValuesController.Get (BulbsShop), returned result Microsoft.AspNetCore.Mvc.ObjectResult. 
2017-06-23 18:20:34.1261|4|Microsoft.AspNetCore.Mvc.Internal.ObjectResultExecutor|DEBUG|No information found on request to perform content negotiation. 
2017-06-23 18:20:34.1391|2|Microsoft.AspNetCore.Mvc.Internal.ObjectResultExecutor|DEBUG|Selected output formatter 'Microsoft.AspNetCore.Mvc.Formatters.JsonOutputFormatter' and content type 'application/json' to write the response. 
2017-06-23 18:20:34.1391|1|Microsoft.AspNetCore.Mvc.Internal.ObjectResultExecutor|INFO|Executing ObjectResult, writing value Microsoft.AspNetCore.Mvc.ControllerContext. 
2017-06-23 18:20:34.5392|2|Microsoft.AspNetCore.Mvc.Internal.ControllerActionInvoker|INFO|Executed action BulbsShop.Controllers.ValuesController.Get (BulbsShop) in 643.1689ms 
2017-06-23 18:20:34.5392|9|Microsoft.AspNetCore.Server.Kestrel|DEBUG|Connection id "0HL5Q9DGF8F1S" completed keep alive response. 
2017-06-23 18:20:34.5592|2|Microsoft.AspNetCore.Hosting.Internal.WebHost|INFO|Request finished in 930.7433ms 200 application/json; charset=utf-8 
2017-06-23 18:20:43.2186|6|Microsoft.AspNetCore.Server.Kestrel|DEBUG|Connection id "0HL5Q9DGF8F1T" received FIN. 
2017-06-23 18:20:43.2186|6|Microsoft.AspNetCore.Server.Kestrel|DEBUG|Connection id "0HL5Q9DGF8F1U" received FIN. 
2017-06-23 18:20:43.2326|10|Microsoft.AspNetCore.Server.Kestrel|DEBUG|Connection id "0HL5Q9DGF8F1T" disconnecting. 
2017-06-23 18:20:43.2536|6|Microsoft.AspNetCore.Server.Kestrel|DEBUG|Connection id "0HL5Q9DGF8F1S" received FIN. 
2017-06-23 18:20:43.2837|10|Microsoft.AspNetCore.Server.Kestrel|DEBUG|Connection id "0HL5Q9DGF8F1U" disconnecting. 
2017-06-23 18:20:43.3027|10|Microsoft.AspNetCore.Server.Kestrel|DEBUG|Connection id "0HL5Q9DGF8F1S" disconnecting. 
2017-06-23 18:20:43.3197|7|Microsoft.AspNetCore.Server.Kestrel|DEBUG|Connection id "0HL5Q9DGF8F1U" sending FIN. 
2017-06-23 18:20:43.3027|7|Microsoft.AspNetCore.Server.Kestrel|DEBUG|Connection id "0HL5Q9DGF8F1T" sending FIN. 
2017-06-23 18:20:43.3197|7|Microsoft.AspNetCore.Server.Kestrel|DEBUG|Connection id "0HL5Q9DGF8F1S" sending FIN. 
2017-06-23 18:20:43.3197|8|Microsoft.AspNetCore.Server.Kestrel|DEBUG|Connection id "0HL5Q9DGF8F1T" sent FIN with status "0". 
2017-06-23 18:20:43.3387|8|Microsoft.AspNetCore.Server.Kestrel|DEBUG|Connection id "0HL5Q9DGF8F1S" sent FIN with status "0". 
2017-06-23 18:20:43.3387|2|Microsoft.AspNetCore.Server.Kestrel|DEBUG|Connection id "0HL5Q9DGF8F1T" stopped. 
2017-06-23 18:20:43.3597|2|Microsoft.AspNetCore.Server.Kestrel|DEBUG|Connection id "0HL5Q9DGF8F1S" stopped. 
2017-06-23 18:20:43.3687|8|Microsoft.AspNetCore.Server.Kestrel|DEBUG|Connection id "0HL5Q9DGF8F1U" sent FIN with status "0". 
2017-06-23 18:20:43.3687|2|Microsoft.AspNetCore.Server.Kestrel|DEBUG|Connection id "0HL5Q9DGF8F1U" stopped. 
2017-06-23 18:21:23.7744|3|Microsoft.AspNetCore.Hosting.Internal.WebHost|DEBUG|Hosting starting 
2017-06-23 18:21:24.2365|4|Microsoft.AspNetCore.Hosting.Internal.WebHost|DEBUG|Hosting started 
2017-06-23 18:21:24.3220|1|Microsoft.AspNetCore.Server.Kestrel|DEBUG|Connection id "0HL5Q9E19L5NA" started. 
2017-06-23 18:21:24.3785|6|Microsoft.AspNetCore.Server.Kestrel|DEBUG|Connection id "0HL5Q9E19L5NA" received FIN. 
2017-06-23 18:21:24.4460|10|Microsoft.AspNetCore.Server.Kestrel|DEBUG|Connection id "0HL5Q9E19L5NA" disconnecting. 
2017-06-23 18:21:24.4720|7|Microsoft.AspNetCore.Server.Kestrel|DEBUG|Connection id "0HL5Q9E19L5NA" sending FIN. 
2017-06-23 18:21:24.5020|8|Microsoft.AspNetCore.Server.Kestrel|DEBUG|Connection id "0HL5Q9E19L5NA" sent FIN with status "0". 
2017-06-23 18:21:24.5205|2|Microsoft.AspNetCore.Server.Kestrel|DEBUG|Connection id "0HL5Q9E19L5NA" stopped. 
2017-06-23 18:21:26.2860|1|Microsoft.AspNetCore.Server.Kestrel|DEBUG|Connection id "0HL5Q9E19L5NB" started. 
2017-06-23 18:21:26.7825|1|Microsoft.AspNetCore.Hosting.Internal.WebHost|INFO|Request starting HTTP/1.1 GET http://localhost:53618/   
2017-06-23 18:21:27.7095|1|Microsoft.AspNetCore.Builder.RouterMiddleware|DEBUG|Request did not match any routes. 
2017-06-23 18:21:27.8345|9|Microsoft.AspNetCore.Server.Kestrel|DEBUG|Connection id "0HL5Q9E19L5NB" completed keep alive response. 
2017-06-23 18:21:27.8645|2|Microsoft.AspNetCore.Hosting.Internal.WebHost|INFO|Request finished in 1310.5783ms 404  
2017-06-23 18:21:28.3215|1|Microsoft.AspNetCore.Hosting.Internal.WebHost|INFO|Request starting HTTP/1.1 GET http://localhost:53618/favicon.ico   
2017-06-23 18:21:28.3215|1|Microsoft.AspNetCore.Builder.RouterMiddleware|DEBUG|Request did not match any routes. 
2017-06-23 18:21:28.3430|9|Microsoft.AspNetCore.Server.Kestrel|DEBUG|Connection id "0HL5Q9E19L5NB" completed keep alive response. 
2017-06-23 18:21:28.3500|2|Microsoft.AspNetCore.Hosting.Internal.WebHost|INFO|Request finished in 31.7995ms 404  
2017-06-23 18:21:29.6416|6|Microsoft.AspNetCore.Server.Kestrel|DEBUG|Connection id "0HL5Q9E19L5NB" received FIN. 
2017-06-23 18:21:29.6496|10|Microsoft.AspNetCore.Server.Kestrel|DEBUG|Connection id "0HL5Q9E19L5NB" disconnecting. 
2017-06-23 18:21:29.6496|7|Microsoft.AspNetCore.Server.Kestrel|DEBUG|Connection id "0HL5Q9E19L5NB" sending FIN. 
2017-06-23 18:21:29.6646|8|Microsoft.AspNetCore.Server.Kestrel|DEBUG|Connection id "0HL5Q9E19L5NB" sent FIN with status "0". 
2017-06-23 18:21:29.6856|2|Microsoft.AspNetCore.Server.Kestrel|DEBUG|Connection id "0HL5Q9E19L5NB" stopped. 
2017-06-23 18:22:02.6766|3|Microsoft.AspNetCore.Hosting.Internal.WebHost|DEBUG|Hosting starting 
2017-06-23 18:22:03.0367|4|Microsoft.AspNetCore.Hosting.Internal.WebHost|DEBUG|Hosting started 
2017-06-23 18:22:03.2137|1|Microsoft.AspNetCore.Server.Kestrel|DEBUG|Connection id "0HL5Q9ECSUUMJ" started. 
2017-06-23 18:22:03.2817|6|Microsoft.AspNetCore.Server.Kestrel|DEBUG|Connection id "0HL5Q9ECSUUMJ" received FIN. 
2017-06-23 18:22:03.3387|10|Microsoft.AspNetCore.Server.Kestrel|DEBUG|Connection id "0HL5Q9ECSUUMJ" disconnecting. 
2017-06-23 18:22:03.3557|7|Microsoft.AspNetCore.Server.Kestrel|DEBUG|Connection id "0HL5Q9ECSUUMJ" sending FIN. 
2017-06-23 18:22:03.3717|8|Microsoft.AspNetCore.Server.Kestrel|DEBUG|Connection id "0HL5Q9ECSUUMJ" sent FIN with status "0". 
2017-06-23 18:22:03.3717|2|Microsoft.AspNetCore.Server.Kestrel|DEBUG|Connection id "0HL5Q9ECSUUMJ" stopped. 
2017-06-23 18:22:05.0419|1|Microsoft.AspNetCore.Server.Kestrel|DEBUG|Connection id "0HL5Q9ECSUUMK" started. 
2017-06-23 18:22:05.2589|1|Microsoft.AspNetCore.Hosting.Internal.WebHost|INFO|Request starting HTTP/1.1 GET http://localhost:53618/   
2017-06-23 18:22:05.7940|1|Microsoft.AspNetCore.Builder.RouterMiddleware|DEBUG|Request did not match any routes. 
2017-06-23 18:22:05.8735|9|Microsoft.AspNetCore.Server.Kestrel|DEBUG|Connection id "0HL5Q9ECSUUMK" completed keep alive response. 
2017-06-23 18:22:05.9650|2|Microsoft.AspNetCore.Hosting.Internal.WebHost|INFO|Request finished in 722.3953ms 404  
2017-06-23 18:22:06.0250|1|Microsoft.AspNetCore.Hosting.Internal.WebHost|INFO|Request starting HTTP/1.1 GET http://localhost:53618/favicon.ico   
2017-06-23 18:22:06.0250|1|Microsoft.AspNetCore.Builder.RouterMiddleware|DEBUG|Request did not match any routes. 
2017-06-23 18:22:06.0390|9|Microsoft.AspNetCore.Server.Kestrel|DEBUG|Connection id "0HL5Q9ECSUUMK" completed keep alive response. 
2017-06-23 18:22:06.0390|2|Microsoft.AspNetCore.Hosting.Internal.WebHost|INFO|Request finished in 18.2923ms 404  
2017-06-23 18:22:09.4565|1|Microsoft.AspNetCore.Server.Kestrel|DEBUG|Connection id "0HL5Q9ECSUUML" started. 
2017-06-23 18:22:09.4640|1|Microsoft.AspNetCore.Server.Kestrel|DEBUG|Connection id "0HL5Q9ECSUUMM" started. 
2017-06-23 18:22:09.4640|1|Microsoft.AspNetCore.Hosting.Internal.WebHost|INFO|Request starting HTTP/1.1 GET http://localhost:53618/api/values   
2017-06-23 18:22:09.5065|1|Microsoft.AspNetCore.Routing.Tree.TreeRouter|DEBUG|Request successfully matched the route with name '(null)' and template 'api/Values'. 
2017-06-23 18:22:09.5845|2|Microsoft.AspNetCore.Mvc.Internal.ActionSelector|DEBUG|Action 'BulbsShop.Controllers.ValuesController.Post (BulbsShop)' with id 'fa7ec690-db44-48c6-85ed-67f46dead48b' did not match the constraint 'Microsoft.AspNetCore.Mvc.Internal.HttpMethodActionConstraint' 
2017-06-23 18:22:09.7805|1|Microsoft.AspNetCore.Mvc.Internal.ControllerActionInvoker|DEBUG|Executing action BulbsShop.Controllers.ValuesController.Get (BulbsShop) 
2017-06-23 18:22:09.8905|1|Microsoft.AspNetCore.Mvc.Internal.ControllerActionInvoker|INFO|Executing action method BulbsShop.Controllers.ValuesController.Get (BulbsShop) with arguments ((null)) - ModelState is Valid 
2017-06-23 18:22:09.8985|0|BulbsShop.Controllers.ValuesController|INFO|Index page says hello 
2017-06-23 18:22:09.9165|2|Microsoft.AspNetCore.Mvc.Internal.ControllerActionInvoker|DEBUG|Executed action method BulbsShop.Controllers.ValuesController.Get (BulbsShop), returned result Microsoft.AspNetCore.Mvc.ObjectResult. 
2017-06-23 18:22:09.9631|4|Microsoft.AspNetCore.Mvc.Internal.ObjectResultExecutor|DEBUG|No information found on request to perform content negotiation. 
2017-06-23 18:22:09.9756|2|Microsoft.AspNetCore.Mvc.Internal.ObjectResultExecutor|DEBUG|Selected output formatter 'Microsoft.AspNetCore.Mvc.Formatters.JsonOutputFormatter' and content type 'application/json' to write the response. 
2017-06-23 18:22:09.9756|1|Microsoft.AspNetCore.Mvc.Internal.ObjectResultExecutor|INFO|Executing ObjectResult, writing value Microsoft.AspNetCore.Mvc.ControllerContext. 
2017-06-23 18:22:10.2906|2|Microsoft.AspNetCore.Mvc.Internal.ControllerActionInvoker|INFO|Executed action BulbsShop.Controllers.ValuesController.Get (BulbsShop) in 495.6194ms 
2017-06-23 18:22:10.3506|9|Microsoft.AspNetCore.Server.Kestrel|DEBUG|Connection id "0HL5Q9ECSUUMK" completed keep alive response. 
2017-06-23 18:22:10.3506|2|Microsoft.AspNetCore.Hosting.Internal.WebHost|INFO|Request finished in 885.3117ms 200 application/json; charset=utf-8 
